Determining if the pthread_create exist failed with the following output:
Change Dir: /fastone/users/u15623069957/Desktop/smooth10 -6/CMakeFiles/CMakeTmp

Run Build Command:"/usr/bin/make" "cmTC_bddb5/fast"
/usr/bin/make -f CMakeFiles/cmTC_bddb5.dir/build.make CMakeFiles/cmTC_bddb5.dir/build
make[1]: Entering directory '/fastone/users/u15623069957/Desktop/smooth10 -6/CMakeFiles/CMakeTmp'
Building C object CMakeFiles/cmTC_bddb5.dir/CheckSymbolExists.c.o
/usr/bin/cc    -o CMakeFiles/cmTC_bddb5.dir/CheckSymbolExists.c.o   -c "/fastone/users/u15623069957/Desktop/smooth10 -6/CMakeFiles/CMakeTmp/CheckSymbolExists.c"
Linking C executable cmTC_bddb5
/usr/bin/cmake -E cmake_link_script CMakeFiles/cmTC_bddb5.dir/link.txt --verbose=1
/usr/bin/cc      -rdynamic CMakeFiles/cmTC_bddb5.dir/CheckSymbolExists.c.o  -o cmTC_bddb5 
CMakeFiles/cmTC_bddb5.dir/CheckSymbolExists.c.o: In function `main':
CheckSymbolExists.c:(.text+0x1b): undefined reference to `pthread_create'
collect2: error: ld returned 1 exit status
CMakeFiles/cmTC_bddb5.dir/build.make:97: recipe for target 'cmTC_bddb5' failed
make[1]: *** [cmTC_bddb5] Error 1
make[1]: Leaving directory '/fastone/users/u15623069957/Desktop/smooth10 -6/CMakeFiles/CMakeTmp'
Makefile:126: recipe for target 'cmTC_bddb5/fast' failed
make: *** [cmTC_bddb5/fast] Error 2

File /fastone/users/u15623069957/Desktop/smooth10 -6/CMakeFiles/CMakeTmp/CheckSymbolExists.c:
/* */
#include <pthread.h>

int main(int argc, char** argv)
{
  (void)argv;
#ifndef pthread_create
  return ((int*)(&pthread_create))[argc];
#else
  (void)argc;
  return 0;
#endif
}

Determining if the function pthread_create exists in the pthreads failed with the following output:
Change Dir: /fastone/users/u15623069957/Desktop/smooth10 -6/CMakeFiles/CMakeTmp

Run Build Command:"/usr/bin/make" "cmTC_2485f/fast"
/usr/bin/make -f CMakeFiles/cmTC_2485f.dir/build.make CMakeFiles/cmTC_2485f.dir/build
make[1]: Entering directory '/fastone/users/u15623069957/Desktop/smooth10 -6/CMakeFiles/CMakeTmp'
Building C object CMakeFiles/cmTC_2485f.dir/CheckFunctionExists.c.o
/usr/bin/cc   -DCHECK_FUNCTION_EXISTS=pthread_create   -o CMakeFiles/cmTC_2485f.dir/CheckFunctionExists.c.o   -c /usr/share/cmake-3.10/Modules/CheckFunctionExists.c
Linking C executable cmTC_2485f
/usr/bin/cmake -E cmake_link_script CMakeFiles/cmTC_2485f.dir/link.txt --verbose=1
/usr/bin/cc  -DCHECK_FUNCTION_EXISTS=pthread_create    -rdynamic CMakeFiles/cmTC_2485f.dir/CheckFunctionExists.c.o  -o cmTC_2485f -lpthreads 
/usr/bin/ld: cannot find -lpthreads
collect2: error: ld returned 1 exit status
CMakeFiles/cmTC_2485f.dir/build.make:97: recipe for target 'cmTC_2485f' failed
make[1]: *** [cmTC_2485f] Error 1
make[1]: Leaving directory '/fastone/users/u15623069957/Desktop/smooth10 -6/CMakeFiles/CMakeTmp'
Makefile:126: recipe for target 'cmTC_2485f/fast' failed
make: *** [cmTC_2485f/fast] Error 2


